Using pre-set license
Built from '2020.2/release' branch; Version is '2020.2.2f1 (068178b99f32) revision 426360'; Using compiler version '192528614'; Build Type 'Release'
OS: 'Windows 10 Home; OS build 19042.867; Version 2009; 64bit' Language: 'en' Physical Memory: 16227 MB
BatchMode: 1, IsHumanControllingUs: 0, StartBugReporterOnCrash: 0, Is64bit: 1, IsPro: 0

 COMMAND LINE ARGUMENTS:
C:\Program Files\Unity\Hub\Editor\2020.2.2f1\Editor\Unity.exe
-adb2
-batchMode
-noUpm
-name
AssetImportWorker0
-projectPath
C:/Users/elien/Desktop/Target Practice Holder 2
-logFile
Logs/AssetImportWorker0.log
-srvPort
49751
Successfully changed project path to: C:/Users/elien/Desktop/Target Practice Holder 2
C:/Users/elien/Desktop/Target Practice Holder 2
Using Asset Import Pipeline V2.
Refreshing native plugins compatible for Editor in 35.77 ms, found 1 plugins.
Preloading 0 native plugins for Editor in 0.00 ms.
Initialize engine version: 2020.2.2f1 (068178b99f32)
[Subsystems] Discovering subsystems at path C:/Program Files/Unity/Hub/Editor/2020.2.2f1/Editor/Data/Resources/UnitySubsystems
[Subsystems] Discovering subsystems at path C:/Users/elien/Desktop/Target Practice Holder 2/Assets
GfxDevice: creating device client; threaded=0
Direct3D:
    Version:  Direct3D 11.0 [level 11.1]
    Renderer: NVIDIA GeForce RTX 2060 (ID=0x1f11)
    Vendor:   
    VRAM:     5980 MB
    Driver:   27.21.14.6589
Initialize mono
Mono path[0] = 'C:/Program Files/Unity/Hub/Editor/2020.2.2f1/Editor/Data/Managed'
Mono path[1] = 'C:/Program Files/Unity/Hub/Editor/2020.2.2f1/Editor/Data/MonoBleedingEdge/lib/mono/unityjit'
Mono config path = 'C:/Program Files/Unity/Hub/Editor/2020.2.2f1/Editor/Data/MonoBleedingEdge/etc'
Using monoOptions --debugger-agent=transport=dt_socket,embedding=1,server=y,suspend=n,address=127.0.0.1:56900
Begin MonoManager ReloadAssembly
Registering precompiled unity dll's ...
Register platform support module: C:/Program Files/Unity/Hub/Editor/2020.2.2f1/Editor/Data/PlaybackEngines/WindowsStandaloneSupport/UnityEditor.WindowsStandalone.Extensions.dll
Registered in 0.001752 seconds.
Native extension for WindowsStandalone target not found
Refreshing native plugins compatible for Editor in 33.59 ms, found 1 plugins.
Preloading 0 native plugins for Editor in 0.00 ms.
Invoked RoslynAnalysisRunner static constructor.
RoslynAnalysisRunner will not be running.
RoslynAnalysisRunner has terminated.
Mono: successfully reloaded assembly
- Completed reload, in  0.953 seconds
Platform modules already initialized, skipping
Registering precompiled user dll's ...
Registered in 0.001028 seconds.
Begin MonoManager ReloadAssembly
Native extension for WindowsStandalone target not found
Refreshing native plugins compatible for Editor in 0.33 ms, found 1 plugins.
Preloading 0 native plugins for Editor in 0.00 ms.
Invoked RoslynAnalysisRunner static constructor.
RoslynAnalysisRunner will not be running.
RoslynAnalysisRunner has terminated.
Mono: successfully reloaded assembly
- Completed reload, in  0.770 seconds
Platform modules already initialized, skipping
========================================================================
Worker process is ready to serve import requests
Launched and connected shader compiler UnityShaderCompiler.exe after 0.05 seconds
Refreshing native plugins compatible for Editor in 0.34 ms, found 1 plugins.
Preloading 0 native plugins for Editor in 0.00 ms.
Unloading 1631 Unused Serialized files (Serialized files now loaded: 0)
System memory in use before: 101.8 MB.
System memory in use after: 101.5 MB.

Unloading 16 unused Assets to reduce memory usage. Loaded Objects now: 2095.
Total: 2.280000 ms (FindLiveObjects: 0.150400 ms CreateObjectMapping: 0.057000 ms MarkObjects: 1.703700 ms  DeleteObjects: 0.368000 ms)

========================================================================
Received Import Request.
  path: Assets/Tower Defense/Scenes/YouWon.unity
  artifactKey: Guid(be0264339ee5b2a4596cbf1c3d78e225) Importer(815301076,1909f56bfc062723c751e8b465ee728b)
Start importing Assets/Tower Defense/Scenes/YouWon.unity using Guid(be0264339ee5b2a4596cbf1c3d78e225) Importer(815301076,1909f56bfc062723c751e8b465ee728b)  -> (artifact id: '0de7f3fa428a5179c75c8c6b55088c83') in 0.017060 seconds
  Import took 0.019372 seconds .

========================================================================
Received Import Request.
  Time since last request: 13.553359 seconds.
  path: Assets/Tower Defense/Prefab/wastedGTA.jpg
  artifactKey: Guid(a366cc743abfcc5419caad0e5c90fd16) Importer(815301076,1909f56bfc062723c751e8b465ee728b)
Start importing Assets/Tower Defense/Prefab/wastedGTA.jpg using Guid(a366cc743abfcc5419caad0e5c90fd16) Importer(815301076,1909f56bfc062723c751e8b465ee728b)  -> (artifact id: 'b79a328c7cffbb012db65ff5e3dfe861') in 0.065196 seconds
  Import took 0.067925 seconds .

========================================================================
Received Import Request.
  Time since last request: 9.559890 seconds.
  path: Assets/Tower Defense/Prefab/wastedGTA.jpg
  artifactKey: Guid(a366cc743abfcc5419caad0e5c90fd16) Importer(815301076,1909f56bfc062723c751e8b465ee728b)
Start importing Assets/Tower Defense/Prefab/wastedGTA.jpg using Guid(a366cc743abfcc5419caad0e5c90fd16) Importer(815301076,1909f56bfc062723c751e8b465ee728b)  -> (artifact id: 'a737816ac7fedc5646aa3e02784df03d') in 0.044065 seconds
  Import took 0.046968 seconds .

========================================================================
Received Prepare
Registering precompiled user dll's ...
Registered in 0.001114 seconds.
Begin MonoManager ReloadAssembly
Native extension for WindowsStandalone target not found
Refreshing native plugins compatible for Editor in 0.36 ms, found 1 plugins.
Preloading 0 native plugins for Editor in 0.00 ms.
Invoked RoslynAnalysisRunner static constructor.
RoslynAnalysisRunner will not be running.
RoslynAnalysisRunner has terminated.
Mono: successfully reloaded assembly
- Completed reload, in  0.719 seconds
Platform modules already initialized, skipping
Refreshing native plugins compatible for Editor in 0.37 ms, found 1 plugins.
Preloading 0 native plugins for Editor in 0.00 ms.
Unloading 1574 Unused Serialized files (Serialized files now loaded: 0)
System memory in use before: 101.8 MB.
System memory in use after: 101.5 MB.

Unloading 11 unused Assets to reduce memory usage. Loaded Objects now: 2103.
Total: 1.826500 ms (FindLiveObjects: 0.164500 ms CreateObjectMapping: 0.048200 ms MarkObjects: 1.317400 ms  DeleteObjects: 0.295100 ms)

========================================================================
Received Import Request.
  Time since last request: 286.212819 seconds.
  path: Assets/Tower Defense/Scripts/Enemy.cs
  artifactKey: Guid(1fb58393863db114098f8a5c69c351e4) Importer(815301076,1909f56bfc062723c751e8b465ee728b)
Start importing Assets/Tower Defense/Scripts/Enemy.cs using Guid(1fb58393863db114098f8a5c69c351e4) Importer(815301076,1909f56bfc062723c751e8b465ee728b)  -> (artifact id: 'fd6aa616abee02d404d27730a902ddea') in 0.013348 seconds
  Import took 0.016226 seconds .

========================================================================
Received Import Request.
  Time since last request: 0.001581 seconds.
  path: Assets/Tower Defense/Scripts/Enemy.cs
  artifactKey: Guid(1fb58393863db114098f8a5c69c351e4) Importer(815301076,1909f56bfc062723c751e8b465ee728b)
Start importing Assets/Tower Defense/Scripts/Enemy.cs using Guid(1fb58393863db114098f8a5c69c351e4) Importer(815301076,1909f56bfc062723c751e8b465ee728b)  -> (artifact id: 'fd6aa616abee02d404d27730a902ddea') in 0.003317 seconds
  Import took 0.006523 seconds .

========================================================================
Received Import Request.
  Time since last request: 61.810796 seconds.
  path: Assets/Tower Defense/Scenes/TowerDefense.unity
  artifactKey: Guid(edb0c31d984fe424dab2e3ac58e37bdf) Importer(815301076,1909f56bfc062723c751e8b465ee728b)
Start importing Assets/Tower Defense/Scenes/TowerDefense.unity using Guid(edb0c31d984fe424dab2e3ac58e37bdf) Importer(815301076,1909f56bfc062723c751e8b465ee728b)  -> (artifact id: '2aca9dcb45dad2a32445a4ddd872a94a') in 0.024307 seconds
  Import took 0.026876 seconds .

========================================================================
Received Prepare
Registering precompiled user dll's ...
Registered in 0.001043 seconds.
Begin MonoManager ReloadAssembly
Native extension for WindowsStandalone target not found
Refreshing native plugins compatible for Editor in 0.39 ms, found 1 plugins.
Preloading 0 native plugins for Editor in 0.00 ms.
Invoked RoslynAnalysisRunner static constructor.
RoslynAnalysisRunner will not be running.
RoslynAnalysisRunner has terminated.
Mono: successfully reloaded assembly
- Completed reload, in  0.703 seconds
Platform modules already initialized, skipping
Refreshing native plugins compatible for Editor in 0.34 ms, found 1 plugins.
Preloading 0 native plugins for Editor in 0.00 ms.
Unloading 1574 Unused Serialized files (Serialized files now loaded: 0)
System memory in use before: 101.8 MB.
System memory in use after: 101.5 MB.

Unloading 11 unused Assets to reduce memory usage. Loaded Objects now: 2105.
Total: 1.882200 ms (FindLiveObjects: 0.168000 ms CreateObjectMapping: 0.047800 ms MarkObjects: 1.354800 ms  DeleteObjects: 0.310700 ms)

========================================================================
Received Prepare
Registering precompiled user dll's ...
Registered in 0.001402 seconds.
Begin MonoManager ReloadAssembly
Native extension for WindowsStandalone target not found
Refreshing native plugins compatible for Editor in 0.46 ms, found 1 plugins.
Preloading 0 native plugins for Editor in 0.00 ms.
Invoked RoslynAnalysisRunner static constructor.
RoslynAnalysisRunner will not be running.
RoslynAnalysisRunner has terminated.
Mono: successfully reloaded assembly
- Completed reload, in  0.859 seconds
Platform modules already initialized, skipping
Refreshing native plugins compatible for Editor in 0.42 ms, found 1 plugins.
Preloading 0 native plugins for Editor in 0.00 ms.
Unloading 1574 Unused Serialized files (Serialized files now loaded: 0)
System memory in use before: 101.8 MB.
System memory in use after: 101.6 MB.

Unloading 11 unused Assets to reduce memory usage. Loaded Objects now: 2107.
Total: 2.589700 ms (FindLiveObjects: 0.229800 ms CreateObjectMapping: 0.075700 ms MarkObjects: 1.902700 ms  DeleteObjects: 0.380000 ms)

========================================================================
Received Import Request.
  Time since last request: 785.129385 seconds.
  path: Assets/Tower Defense/Audio
  artifactKey: Guid(c4a49b520af16c849a598ffbc6c8a03f) Importer(815301076,1909f56bfc062723c751e8b465ee728b)
Start importing Assets/Tower Defense/Audio using Guid(c4a49b520af16c849a598ffbc6c8a03f) Importer(815301076,1909f56bfc062723c751e8b465ee728b)  -> (artifact id: '85caf851a3071733b786e6372edc50b7') in 0.010759 seconds
  Import took 0.014491 seconds .

========================================================================
Received Import Request.
  Time since last request: 0.005482 seconds.
  path: Assets/Tower Defense/Audio
  artifactKey: Guid(c4a49b520af16c849a598ffbc6c8a03f) Importer(815301076,1909f56bfc062723c751e8b465ee728b)
Start importing Assets/Tower Defense/Audio using Guid(c4a49b520af16c849a598ffbc6c8a03f) Importer(815301076,1909f56bfc062723c751e8b465ee728b)  -> (artifact id: '85caf851a3071733b786e6372edc50b7') in 0.002655 seconds
  Import took 0.005314 seconds .

========================================================================
Received Import Request.
  Time since last request: 3.030678 seconds.
  path: Assets/Tower Defense/Audio/Bleh.mp3
  artifactKey: Guid(aadb92d71e7f8ef43a80cce147868d8a) Importer(815301076,1909f56bfc062723c751e8b465ee728b)
Start importing Assets/Tower Defense/Audio/Bleh.mp3 using Guid(aadb92d71e7f8ef43a80cce147868d8a) Importer(815301076,1909f56bfc062723c751e8b465ee728b)  -> (artifact id: 'f22870e474238951a519a4bb53055c90') in 0.054978 seconds
  Import took 0.057446 seconds .

========================================================================
Received Prepare
Registering precompiled user dll's ...
Registered in 0.001069 seconds.
Begin MonoManager ReloadAssembly
Native extension for WindowsStandalone target not found
Refreshing native plugins compatible for Editor in 0.35 ms, found 1 plugins.
Preloading 0 native plugins for Editor in 0.00 ms.
Invoked RoslynAnalysisRunner static constructor.
RoslynAnalysisRunner will not be running.
RoslynAnalysisRunner has terminated.
Mono: successfully reloaded assembly
- Completed reload, in  0.715 seconds
Platform modules already initialized, skipping
Refreshing native plugins compatible for Editor in 1.47 ms, found 1 plugins.
Preloading 0 native plugins for Editor in 0.00 ms.
Unloading 1574 Unused Serialized files (Serialized files now loaded: 0)
System memory in use before: 101.9 MB.
System memory in use after: 101.6 MB.

Unloading 11 unused Assets to reduce memory usage. Loaded Objects now: 2115.
Total: 4.478800 ms (FindLiveObjects: 0.572300 ms CreateObjectMapping: 0.184500 ms MarkObjects: 2.858600 ms  DeleteObjects: 0.860300 ms)

========================================================================
Received Import Request.
  Time since last request: 467.782766 seconds.
  path: Assets/Tower Defense/Scripts/Enemy.cs
  artifactKey: Guid(1fb58393863db114098f8a5c69c351e4) Importer(815301076,1909f56bfc062723c751e8b465ee728b)
Start importing Assets/Tower Defense/Scripts/Enemy.cs using Guid(1fb58393863db114098f8a5c69c351e4) Importer(815301076,1909f56bfc062723c751e8b465ee728b)  -> (artifact id: '00c8fe82dd966fb30fa39dba7c5041b4') in 0.010157 seconds
  Import took 0.016236 seconds .

========================================================================
Received Import Request.
  Time since last request: 0.000812 seconds.
  path: Assets/Tower Defense/Scripts/Enemy.cs
  artifactKey: Guid(1fb58393863db114098f8a5c69c351e4) Importer(815301076,1909f56bfc062723c751e8b465ee728b)
Start importing Assets/Tower Defense/Scripts/Enemy.cs using Guid(1fb58393863db114098f8a5c69c351e4) Importer(815301076,1909f56bfc062723c751e8b465ee728b)  -> (artifact id: '00c8fe82dd966fb30fa39dba7c5041b4') in 0.003934 seconds
  Import took 0.007727 seconds .

========================================================================
Received Import Request.
  Time since last request: 4.179275 seconds.
  path: Assets/Tower Defense/Prefab/BigBadGuy.prefab
  artifactKey: Guid(8e9ae34d3087e254ba136ebc1837315c) Importer(815301076,1909f56bfc062723c751e8b465ee728b)
Start importing Assets/Tower Defense/Prefab/BigBadGuy.prefab using Guid(8e9ae34d3087e254ba136ebc1837315c) Importer(815301076,1909f56bfc062723c751e8b465ee728b)  -> (artifact id: '9d00cb599134fd0fc004f95a55665474') in 0.066329 seconds
  Import took 0.069188 seconds .

========================================================================
Received Import Request.
  Time since last request: 0.000314 seconds.
  path: Assets/Tower Defense/Prefab/SmallBadGuy.prefab
  artifactKey: Guid(930fa4151fffb3d488d1d0b00b4691ab) Importer(815301076,1909f56bfc062723c751e8b465ee728b)
Start importing Assets/Tower Defense/Prefab/SmallBadGuy.prefab using Guid(930fa4151fffb3d488d1d0b00b4691ab) Importer(815301076,1909f56bfc062723c751e8b465ee728b)  -> (artifact id: '4bdf3dd8a39c9f831084b15bfefc0e66') in 0.022825 seconds
  Import took 0.025483 seconds .

========================================================================
Received Prepare
Registering precompiled user dll's ...
Registered in 0.001111 seconds.
Begin MonoManager ReloadAssembly
Native extension for WindowsStandalone target not found
Refreshing native plugins compatible for Editor in 0.33 ms, found 1 plugins.
Preloading 0 native plugins for Editor in 0.00 ms.
Invoked RoslynAnalysisRunner static constructor.
RoslynAnalysisRunner will not be running.
RoslynAnalysisRunner has terminated.
Mono: successfully reloaded assembly
- Completed reload, in  0.667 seconds
Platform modules already initialized, skipping
Refreshing native plugins compatible for Editor in 0.34 ms, found 1 plugins.
Preloading 0 native plugins for Editor in 0.00 ms.
Unloading 1574 Unused Serialized files (Serialized files now loaded: 0)
System memory in use before: 102.0 MB.
System memory in use after: 101.7 MB.

Unloading 12 unused Assets to reduce memory usage. Loaded Objects now: 2120.
Total: 2.037200 ms (FindLiveObjects: 0.199900 ms CreateObjectMapping: 0.065700 ms MarkObjects: 1.419000 ms  DeleteObjects: 0.351700 ms)

========================================================================
Received Import Request.
  Time since last request: 105.466827 seconds.
  path: Assets/Tower Defense/Prefab/SmallBadGuy.prefab
  artifactKey: Guid(930fa4151fffb3d488d1d0b00b4691ab) Importer(815301076,1909f56bfc062723c751e8b465ee728b)
Start importing Assets/Tower Defense/Prefab/SmallBadGuy.prefab using Guid(930fa4151fffb3d488d1d0b00b4691ab) Importer(815301076,1909f56bfc062723c751e8b465ee728b)  -> (artifact id: '6e78ac8df4e4de3006bd3f3da6aa311c') in 0.054964 seconds
  Import took 0.057529 seconds .

========================================================================
Received Prepare
Registering precompiled user dll's ...
Registered in 0.001288 seconds.
Begin MonoManager ReloadAssembly
Native extension for WindowsStandalone target not found
Refreshing native plugins compatible for Editor in 0.35 ms, found 1 plugins.
Preloading 0 native plugins for Editor in 0.00 ms.
Invoked RoslynAnalysisRunner static constructor.
RoslynAnalysisRunner will not be running.
RoslynAnalysisRunner has terminated.
Mono: successfully reloaded assembly
- Completed reload, in  0.710 seconds
Platform modules already initialized, skipping
Refreshing native plugins compatible for Editor in 0.35 ms, found 1 plugins.
Preloading 0 native plugins for Editor in 0.00 ms.
Unloading 1574 Unused Serialized files (Serialized files now loaded: 0)
System memory in use before: 102.0 MB.
System memory in use after: 101.7 MB.

Unloading 12 unused Assets to reduce memory usage. Loaded Objects now: 2123.
Total: 2.898800 ms (FindLiveObjects: 0.409600 ms CreateObjectMapping: 0.138700 ms MarkObjects: 1.741300 ms  DeleteObjects: 0.608100 ms)

========================================================================
Received Prepare
Registering precompiled user dll's ...
Registered in 0.001128 seconds.
Begin MonoManager ReloadAssembly
Native extension for WindowsStandalone target not found
Refreshing native plugins compatible for Editor in 0.35 ms, found 1 plugins.
Preloading 0 native plugins for Editor in 0.00 ms.
Invoked RoslynAnalysisRunner static constructor.
RoslynAnalysisRunner will not be running.
RoslynAnalysisRunner has terminated.
Mono: successfully reloaded assembly
- Completed reload, in  0.695 seconds
Platform modules already initialized, skipping
Refreshing native plugins compatible for Editor in 0.36 ms, found 1 plugins.
Preloading 0 native plugins for Editor in 0.00 ms.
Unloading 1574 Unused Serialized files (Serialized files now loaded: 0)
System memory in use before: 102.0 MB.
System memory in use after: 101.7 MB.

Unloading 11 unused Assets to reduce memory usage. Loaded Objects now: 2125.
Total: 2.013100 ms (FindLiveObjects: 0.205900 ms CreateObjectMapping: 0.077300 ms MarkObjects: 1.368200 ms  DeleteObjects: 0.360500 ms)

AssetImportWorkerClient::OnTransportError - code=2 error=End of file
